{"environment":"development","level":"info","message":"Starting database migration...","service":"video-face-blur-api","timestamp":"2025-10-01 05:57:33"}
{"code":"ECONNREFUSED","environment":"development","level":"error","message":"Database migration failed:","service":"video-face-blur-api","stack":"AggregateError [ECONNREFUSED]: \n    at C:\\Users\\pakak\\.cursor\\Faceblur\\node_modules\\pg-pool\\index.js:45:11\n    at process.processTicksAndRejections (node:internal/process/task_queues:105:5)\n    at async query (C:\\Users\\pakak\\.cursor\\Faceblur\\src\\config\\database.js:18:17)\n    at async createTables (C:\\Users\\pakak\\.cursor\\Faceblur\\src\\config\\migrate.js:9:5)","timestamp":"2025-10-01 05:57:33"}
{"environment":"development","level":"warn","message":"Database connection failed, continuing without database: ","service":"video-face-blur-api","timestamp":"2025-10-01 06:05:30"}
{"environment":"development","level":"warn","message":"Some features may not be available","service":"video-face-blur-api","timestamp":"2025-10-01 06:05:30"}
{"environment":"development","level":"info","message":"Server running on port 3000","service":"video-face-blur-api","timestamp":"2025-10-01 06:05:30"}
{"environment":"development","level":"info","message":"Environment: development","service":"video-face-blur-api","timestamp":"2025-10-01 06:05:30"}
{"environment":"development","level":"warn","message":"Database connection failed, continuing without database: ","service":"video-face-blur-api","timestamp":"2025-10-01 08:07:20"}
{"environment":"development","level":"warn","message":"Some features may not be available","service":"video-face-blur-api","timestamp":"2025-10-01 08:07:20"}
{"environment":"development","level":"info","message":"Server running on port 3000","service":"video-face-blur-api","timestamp":"2025-10-01 08:07:20"}
{"environment":"development","level":"info","message":"Environment: development","service":"video-face-blur-api","timestamp":"2025-10-01 08:07:20"}
{"environment":"development","level":"info","message":"SIGINT received, shutting down gracefully","service":"video-face-blur-api","timestamp":"2025-10-01 08:34:14"}
{"environment":"development","level":"warn","message":"Database connection failed, continuing without database: ","service":"video-face-blur-api","timestamp":"2025-10-01 08:34:18"}
{"environment":"development","level":"warn","message":"Some features may not be available","service":"video-face-blur-api","timestamp":"2025-10-01 08:34:18"}
{"environment":"development","level":"info","message":"Server running on port 3000","service":"video-face-blur-api","timestamp":"2025-10-01 08:34:18"}
{"environment":"development","level":"info","message":"Environment: development","service":"video-face-blur-api","timestamp":"2025-10-01 08:34:18"}
{"email":"test@example.com","environment":"development","error":"","level":"warn","message":"Database not available, checking demo credentials","service":"video-face-blur-api","timestamp":"2025-10-01 08:34:42"}
{"demoUserId":1405876145,"email":"test@example.com","environment":"development","level":"info","message":"Demo login successful","service":"video-face-blur-api","timestamp":"2025-10-01 08:34:42"}
{"environment":"development","level":"info","message":"::1 - - [01/Oct/2025:02:34:42 +0000] \"POST /api/auth/login HTTP/1.1\" 200 465 \"-\" \"Mozilla/5.0 (Windows NT; Windows NT 10.0; en-US) WindowsPowerShell/5.1.21996.1\"","service":"video-face-blur-api","timestamp":"2025-10-01 08:34:42"}
{"email":"testuser@example.com","environment":"development","error":"","level":"warn","message":"Database not available, providing demo user","service":"video-face-blur-api","timestamp":"2025-10-01 08:34:52"}
{"environment":"development","level":"info","message":"::1 - - [01/Oct/2025:02:34:52 +0000] \"POST /api/auth/register HTTP/1.1\" 201 465 \"-\" \"Mozilla/5.0 (Windows NT; Windows NT 10.0; en-US) WindowsPowerShell/5.1.21996.1\"","service":"video-face-blur-api","timestamp":"2025-10-01 08:34:52"}
{"email":"test@example.com","environment":"development","error":"","level":"warn","message":"Database not available, checking demo credentials","service":"video-face-blur-api","timestamp":"2025-10-01 08:35:05"}
{"demoUserId":1405876145,"email":"test@example.com","environment":"development","level":"info","message":"Demo login successful","service":"video-face-blur-api","timestamp":"2025-10-01 08:35:05"}
{"environment":"development","level":"info","message":"::1 - - [01/Oct/2025:02:35:05 +0000] \"POST /api/auth/login HTTP/1.1\" 200 465 \"-\" \"Mozilla/5.0 (Windows NT; Windows NT 10.0; en-US) WindowsPowerShell/5.1.21996.1\"","service":"video-face-blur-api","timestamp":"2025-10-01 08:35:05"}
{"code":"ECONNREFUSED","environment":"development","level":"error","message":"Authentication error:","service":"video-face-blur-api","stack":"AggregateError [ECONNREFUSED]: \n    at C:\\Users\\pakak\\.cursor\\Faceblur\\node_modules\\pg-pool\\index.js:45:11\n    at process.processTicksAndRejections (node:internal/process/task_queues:105:5)\n    at async query (C:\\Users\\pakak\\.cursor\\Faceblur\\src\\config\\database.js:18:17)\n    at async authenticateToken (C:\\Users\\pakak\\.cursor\\Faceblur\\src\\middleware\\auth.js:64:22)","timestamp":"2025-10-01 08:35:05"}
{"environment":"development","level":"info","message":"::1 - - [01/Oct/2025:02:35:05 +0000] \"GET /api/auth/profile HTTP/1.1\" 500 80 \"-\" \"Mozilla/5.0 (Windows NT; Windows NT 10.0; en-US) WindowsPowerShell/5.1.21996.1\"","service":"video-face-blur-api","timestamp":"2025-10-01 08:35:05"}
{"environment":"development","level":"warn","message":"Database connection failed, continuing without database: ","service":"video-face-blur-api","timestamp":"2025-10-01 08:36:40"}
{"environment":"development","level":"warn","message":"Some features may not be available","service":"video-face-blur-api","timestamp":"2025-10-01 08:36:40"}
{"environment":"development","level":"info","message":"Server running on port 3000","service":"video-face-blur-api","timestamp":"2025-10-01 08:36:40"}
{"environment":"development","level":"info","message":"Environment: development","service":"video-face-blur-api","timestamp":"2025-10-01 08:36:40"}
{"email":"test@example.com","environment":"development","error":"","level":"warn","message":"Database not available, checking demo credentials","service":"video-face-blur-api","timestamp":"2025-10-01 08:37:03"}
{"demoUserId":1405876145,"email":"test@example.com","environment":"development","level":"info","message":"Demo login successful","service":"video-face-blur-api","timestamp":"2025-10-01 08:37:03"}
{"environment":"development","level":"info","message":"::1 - - [01/Oct/2025:02:37:03 +0000] \"POST /api/auth/login HTTP/1.1\" 200 465 \"-\" \"Mozilla/5.0 (Windows NT; Windows NT 10.0; en-US) WindowsPowerShell/5.1.21996.1\"","service":"video-face-blur-api","timestamp":"2025-10-01 08:37:03"}
{"email":"test@example.com","environment":"development","error":"","level":"warn","message":"Database not available, checking demo credentials","service":"video-face-blur-api","timestamp":"2025-10-01 08:37:13"}
{"demoUserId":1405876145,"email":"test@example.com","environment":"development","level":"info","message":"Demo login successful","service":"video-face-blur-api","timestamp":"2025-10-01 08:37:13"}
{"environment":"development","level":"info","message":"::1 - - [01/Oct/2025:02:37:13 +0000] \"POST /api/auth/login HTTP/1.1\" 200 465 \"-\" \"Mozilla/5.0 (Windows NT; Windows NT 10.0; en-US) WindowsPowerShell/5.1.21996.1\"","service":"video-face-blur-api","timestamp":"2025-10-01 08:37:13"}
{"email":"test@example.com","environment":"development","level":"warn","message":"Database not available, using demo user from token","service":"video-face-blur-api","timestamp":"2025-10-01 08:37:13","userId":1405876145}
{"code":"ECONNREFUSED","environment":"development","level":"error","message":"Profile fetch error:","service":"video-face-blur-api","stack":"AggregateError [ECONNREFUSED]: \n    at C:\\Users\\pakak\\.cursor\\Faceblur\\node_modules\\pg-pool\\index.js:45:11\n    at process.processTicksAndRejections (node:internal/process/task_queues:105:5)\n    at async query (C:\\Users\\pakak\\.cursor\\Faceblur\\src\\config\\database.js:18:17)\n    at async C:\\Users\\pakak\\.cursor\\Faceblur\\src\\routes\\auth.js:240:24","timestamp":"2025-10-01 08:37:13"}
{"environment":"development","ip":"::1","level":"error","message":"","method":"GET","service":"video-face-blur-api","stack":"AggregateError [ECONNREFUSED]: \n    at C:\\Users\\pakak\\.cursor\\Faceblur\\node_modules\\pg-pool\\index.js:45:11\n    at process.processTicksAndRejections (node:internal/process/task_queues:105:5)\n    at async query (C:\\Users\\pakak\\.cursor\\Faceblur\\src\\config\\database.js:18:17)\n    at async C:\\Users\\pakak\\.cursor\\Faceblur\\src\\routes\\auth.js:240:24","timestamp":"2025-10-01 08:37:13","url":"/api/auth/profile","userAgent":"Mozilla/5.0 (Windows NT; Windows NT 10.0; en-US) WindowsPowerShell/5.1.21996.1"}
{"environment":"development","level":"info","message":"::1 - - [01/Oct/2025:02:37:13 +0000] \"GET /api/auth/profile HTTP/1.1\" 500 74 \"-\" \"Mozilla/5.0 (Windows NT; Windows NT 10.0; en-US) WindowsPowerShell/5.1.21996.1\"","service":"video-face-blur-api","timestamp":"2025-10-01 08:37:13"}
{"email":"test@example.com","environment":"development","error":"","level":"warn","message":"Database not available, checking demo credentials","service":"video-face-blur-api","timestamp":"2025-10-01 08:38:26"}
{"demoUserId":1405876145,"email":"test@example.com","environment":"development","level":"info","message":"Demo login successful","service":"video-face-blur-api","timestamp":"2025-10-01 08:38:26"}
{"environment":"development","level":"info","message":"::1 - - [01/Oct/2025:02:38:26 +0000] \"POST /api/auth/login HTTP/1.1\" 200 465 \"-\" \"Mozilla/5.0 (Windows NT; Windows NT 10.0; en-US) WindowsPowerShell/5.1.21996.1\"","service":"video-face-blur-api","timestamp":"2025-10-01 08:38:26"}
{"email":"test@example.com","environment":"development","level":"warn","message":"Database not available, using demo user from token","service":"video-face-blur-api","timestamp":"2025-10-01 08:38:26","userId":1405876145}
{"code":"ECONNREFUSED","environment":"development","level":"error","message":"Profile fetch error:","service":"video-face-blur-api","stack":"AggregateError [ECONNREFUSED]: \n    at C:\\Users\\pakak\\.cursor\\Faceblur\\node_modules\\pg-pool\\index.js:45:11\n    at process.processTicksAndRejections (node:internal/process/task_queues:105:5)\n    at async query (C:\\Users\\pakak\\.cursor\\Faceblur\\src\\config\\database.js:18:17)\n    at async C:\\Users\\pakak\\.cursor\\Faceblur\\src\\routes\\auth.js:240:24","timestamp":"2025-10-01 08:38:26"}
{"environment":"development","ip":"::1","level":"error","message":"","method":"GET","service":"video-face-blur-api","stack":"AggregateError [ECONNREFUSED]: \n    at C:\\Users\\pakak\\.cursor\\Faceblur\\node_modules\\pg-pool\\index.js:45:11\n    at process.processTicksAndRejections (node:internal/process/task_queues:105:5)\n    at async query (C:\\Users\\pakak\\.cursor\\Faceblur\\src\\config\\database.js:18:17)\n    at async C:\\Users\\pakak\\.cursor\\Faceblur\\src\\routes\\auth.js:240:24","timestamp":"2025-10-01 08:38:26","url":"/api/auth/profile","userAgent":"Mozilla/5.0 (Windows NT; Windows NT 10.0; en-US) WindowsPowerShell/5.1.21996.1"}
{"environment":"development","level":"info","message":"::1 - - [01/Oct/2025:02:38:26 +0000] \"GET /api/auth/profile HTTP/1.1\" 500 74 \"-\" \"Mozilla/5.0 (Windows NT; Windows NT 10.0; en-US) WindowsPowerShell/5.1.21996.1\"","service":"video-face-blur-api","timestamp":"2025-10-01 08:38:26"}
{"environment":"development","level":"warn","message":"Database connection failed, continuing without database: ","service":"video-face-blur-api","timestamp":"2025-10-01 08:38:49"}
{"environment":"development","level":"warn","message":"Some features may not be available","service":"video-face-blur-api","timestamp":"2025-10-01 08:38:49"}
{"environment":"development","level":"info","message":"Server running on port 3000","service":"video-face-blur-api","timestamp":"2025-10-01 08:38:49"}
{"environment":"development","level":"info","message":"Environment: development","service":"video-face-blur-api","timestamp":"2025-10-01 08:38:49"}
{"environment":"development","level":"warn","message":"Database connection failed, continuing without database: ","service":"video-face-blur-api","timestamp":"2025-10-01 10:15:18"}
{"environment":"development","level":"warn","message":"Database connection failed, continuing without database: ","service":"video-face-blur-api","timestamp":"2025-10-01 10:15:44"}
{"environment":"development","level":"warn","message":"Some features may not be available","service":"video-face-blur-api","timestamp":"2025-10-01 10:15:44"}
{"environment":"development","level":"info","message":"Server running on port 3000","service":"video-face-blur-api","timestamp":"2025-10-01 10:15:44"}
{"environment":"development","level":"info","message":"Environment: development","service":"video-face-blur-api","timestamp":"2025-10-01 10:15:44"}
{"email":"demo@example.com","environment":"development","error":"","level":"warn","message":"Database not available, checking demo credentials","service":"video-face-blur-api","timestamp":"2025-10-01 10:15:58"}
{"demoUserId":1621864416,"email":"demo@example.com","environment":"development","level":"info","message":"Demo login successful","service":"video-face-blur-api","timestamp":"2025-10-01 10:15:58"}
{"environment":"development","level":"info","message":"::1 - - [01/Oct/2025:04:15:58 +0000] \"POST /api/auth/login HTTP/1.1\" 200 465 \"-\" \"Mozilla/5.0 (Windows NT; Windows NT 10.0; en-US) WindowsPowerShell/5.1.21996.1\"","service":"video-face-blur-api","timestamp":"2025-10-01 10:15:58"}
{"email":"demo@example.com","environment":"development","error":"","level":"warn","message":"Database not available, checking demo credentials","service":"video-face-blur-api","timestamp":"2025-10-01 10:16:10"}
{"demoUserId":1621864416,"email":"demo@example.com","environment":"development","level":"info","message":"Demo login successful","service":"video-face-blur-api","timestamp":"2025-10-01 10:16:10"}
{"environment":"development","level":"info","message":"::1 - - [01/Oct/2025:04:16:10 +0000] \"POST /api/auth/login HTTP/1.1\" 200 465 \"-\" \"Mozilla/5.0 (Windows NT; Windows NT 10.0; en-US) WindowsPowerShell/5.1.21996.1\"","service":"video-face-blur-api","timestamp":"2025-10-01 10:16:10"}
{"email":"demo@example.com","environment":"development","level":"warn","message":"Database not available, using demo user from token","service":"video-face-blur-api","timestamp":"2025-10-01 10:16:30","userId":1621864416}
{"email":"demo@example.com","environment":"development","level":"warn","message":"Database not available, using demo user from token","service":"video-face-blur-api","timestamp":"2025-10-01 10:16:30","userId":1621864416}
{"environment":"development","level":"info","message":"::1 - - [01/Oct/2025:04:16:30 +0000] \"POST /api/videos/upload HTTP/1.1\" 400 34 \"-\" \"Mozilla/5.0 (Windows NT; Windows NT 10.0; en-US) WindowsPowerShell/5.1.21996.1\"","service":"video-face-blur-api","timestamp":"2025-10-01 10:16:30"}
{"environment":"development","level":"warn","message":"Database connection failed, continuing without database: ","service":"video-face-blur-api","timestamp":"2025-10-01 10:17:49"}
{"environment":"development","level":"warn","message":"Some features may not be available","service":"video-face-blur-api","timestamp":"2025-10-01 10:17:49"}
{"environment":"development","level":"info","message":"Server running on port 3000","service":"video-face-blur-api","timestamp":"2025-10-01 10:17:49"}
{"environment":"development","level":"info","message":"Environment: development","service":"video-face-blur-api","timestamp":"2025-10-01 10:17:49"}
{"email":"demo@example.com","environment":"development","level":"warn","message":"Database not available, using demo user from token","service":"video-face-blur-api","timestamp":"2025-10-01 10:18:08","userId":1621864416}
{"email":"demo@example.com","environment":"development","level":"warn","message":"Database not available, using demo user from token","service":"video-face-blur-api","timestamp":"2025-10-01 10:18:08","userId":1621864416}
{"cloudinaryUrl":"https://res.cloudinary.com/demo/video/upload/v1234567890/demo-video.mp4","environment":"development","level":"info","message":"Registering video from Cloudinary URL","service":"video-face-blur-api","timestamp":"2025-10-01 10:18:08","userId":1621864416,"videoId":"8bb664ba-0813-47f8-9e76-eea9b682a45a"}
{"environment":"development","error":"","level":"warn","message":"Database not available, creating demo video record","service":"video-face-blur-api","timestamp":"2025-10-01 10:18:08","userId":1621864416,"videoId":"8bb664ba-0813-47f8-9e76-eea9b682a45a"}
{"environment":"development","jobId":"1","level":"info","message":"Video processing job added to queue","service":"video-face-blur-api","timestamp":"2025-10-01 10:18:08","videoId":"8bb664ba-0813-47f8-9e76-eea9b682a45a"}
{"environment":"development","level":"info","message":"Video processing job queued","service":"video-face-blur-api","timestamp":"2025-10-01 10:18:08","userId":1621864416,"videoId":"8bb664ba-0813-47f8-9e76-eea9b682a45a"}
{"environment":"development","level":"info","message":"Video registration completed successfully","service":"video-face-blur-api","timestamp":"2025-10-01 10:18:08","userId":1621864416,"videoId":"8bb664ba-0813-47f8-9e76-eea9b682a45a"}
{"environment":"development","level":"info","message":"::1 - - [01/Oct/2025:04:18:08 +0000] \"POST /api/videos/register HTTP/1.1\" 200 356 \"-\" \"Mozilla/5.0 (Windows NT; Windows NT 10.0; en-US) WindowsPowerShell/5.1.21996.1\"","service":"video-face-blur-api","timestamp":"2025-10-01 10:18:08"}
{"environment":"development","error":"Missing process handler for job type process-video","jobId":"1","level":"error","message":"Video processing job failed","service":"video-face-blur-api","timestamp":"2025-10-01 10:18:08","videoId":"8bb664ba-0813-47f8-9e76-eea9b682a45a"}
{"environment":"development","error":"Missing process handler for job type process-video","jobId":"1","level":"error","message":"Video processing job failed","service":"video-face-blur-api","timestamp":"2025-10-01 10:18:10","videoId":"8bb664ba-0813-47f8-9e76-eea9b682a45a"}
{"environment":"development","error":"Missing process handler for job type process-video","jobId":"1","level":"error","message":"Video processing job failed","service":"video-face-blur-api","timestamp":"2025-10-01 10:18:16","videoId":"8bb664ba-0813-47f8-9e76-eea9b682a45a"}
{"email":"demo@example.com","environment":"development","level":"warn","message":"Database not available, using demo user from token","service":"video-face-blur-api","timestamp":"2025-10-01 10:18:21","userId":1621864416}
{"email":"demo@example.com","environment":"development","level":"warn","message":"Database not available, using demo user from token","service":"video-face-blur-api","timestamp":"2025-10-01 10:18:21","userId":1621864416}
{"environment":"development","level":"info","message":"Demo mode: Returning demo video status","service":"video-face-blur-api","timestamp":"2025-10-01 10:18:21","userId":1621864416,"videoId":"8bb664ba-0813-47f8-9e76-eea9b682a45a"}
{"environment":"development","level":"info","message":"::1 - - [01/Oct/2025:04:18:21 +0000] \"GET /api/videos/8bb664ba-0813-47f8-9e76-eea9b682a45a HTTP/1.1\" 200 607 \"-\" \"Mozilla/5.0 (Windows NT; Windows NT 10.0; en-US) WindowsPowerShell/5.1.21996.1\"","service":"video-face-blur-api","timestamp":"2025-10-01 10:18:21"}
{"email":"demo@example.com","environment":"development","level":"warn","message":"Database not available, using demo user from token","service":"video-face-blur-api","timestamp":"2025-10-01 10:18:32","userId":1621864416}
{"email":"demo@example.com","environment":"development","level":"warn","message":"Database not available, using demo user from token","service":"video-face-blur-api","timestamp":"2025-10-01 10:18:32","userId":1621864416}
{"environment":"development","level":"info","message":"Demo mode: Returning demo video list","service":"video-face-blur-api","timestamp":"2025-10-01 10:18:32","userId":1621864416}
{"environment":"development","level":"info","message":"::1 - - [01/Oct/2025:04:18:32 +0000] \"GET /api/videos HTTP/1.1\" 200 1084 \"-\" \"Mozilla/5.0 (Windows NT; Windows NT 10.0; en-US) WindowsPowerShell/5.1.21996.1\"","service":"video-face-blur-api","timestamp":"2025-10-01 10:18:32"}
{"email":"demo@example.com","environment":"development","error":"","level":"warn","message":"Database not available, checking demo credentials","service":"video-face-blur-api","timestamp":"2025-10-01 10:18:47"}
{"demoUserId":1621864416,"email":"demo@example.com","environment":"development","level":"info","message":"Demo login successful","service":"video-face-blur-api","timestamp":"2025-10-01 10:18:47"}
{"environment":"development","level":"info","message":"::1 - - [01/Oct/2025:04:18:47 +0000] \"POST /api/auth/login HTTP/1.1\" 200 465 \"-\" \"Mozilla/5.0 (Windows NT; Windows NT 10.0; en-US) WindowsPowerShell/5.1.21996.1\"","service":"video-face-blur-api","timestamp":"2025-10-01 10:18:47"}
{"email":"demo@example.com","environment":"development","level":"warn","message":"Database not available, using demo user from token","service":"video-face-blur-api","timestamp":"2025-10-01 10:18:48","userId":1621864416}
{"email":"demo@example.com","environment":"development","level":"warn","message":"Database not available, using demo user from token","service":"video-face-blur-api","timestamp":"2025-10-01 10:18:48","userId":1621864416}
{"cloudinaryUrl":"https://res.cloudinary.com/demo/video/upload/v1234567890/0930-1_04-59-15.mp4","environment":"development","level":"info","message":"Registering video from Cloudinary URL","service":"video-face-blur-api","timestamp":"2025-10-01 10:18:48","userId":1621864416,"videoId":"f87d5427-ce45-488e-965d-3718944e78de"}
{"environment":"development","error":"","level":"warn","message":"Database not available, creating demo video record","service":"video-face-blur-api","timestamp":"2025-10-01 10:18:48","userId":1621864416,"videoId":"f87d5427-ce45-488e-965d-3718944e78de"}
{"environment":"development","jobId":"2","level":"info","message":"Video processing job added to queue","service":"video-face-blur-api","timestamp":"2025-10-01 10:18:48","videoId":"f87d5427-ce45-488e-965d-3718944e78de"}
{"environment":"development","level":"info","message":"Video processing job queued","service":"video-face-blur-api","timestamp":"2025-10-01 10:18:48","userId":1621864416,"videoId":"f87d5427-ce45-488e-965d-3718944e78de"}
{"environment":"development","level":"info","message":"Video registration completed successfully","service":"video-face-blur-api","timestamp":"2025-10-01 10:18:48","userId":1621864416,"videoId":"f87d5427-ce45-488e-965d-3718944e78de"}
{"environment":"development","level":"info","message":"::1 - - [01/Oct/2025:04:18:48 +0000] \"POST /api/videos/register HTTP/1.1\" 200 361 \"-\" \"Mozilla/5.0 (Windows NT; Windows NT 10.0; en-US) WindowsPowerShell/5.1.21996.1\"","service":"video-face-blur-api","timestamp":"2025-10-01 10:18:48"}
{"environment":"development","error":"Missing process handler for job type process-video","jobId":"2","level":"error","message":"Video processing job failed","service":"video-face-blur-api","timestamp":"2025-10-01 10:18:48","videoId":"f87d5427-ce45-488e-965d-3718944e78de"}
{"environment":"development","error":"Missing process handler for job type process-video","jobId":"2","level":"error","message":"Video processing job failed","service":"video-face-blur-api","timestamp":"2025-10-01 10:18:50","videoId":"f87d5427-ce45-488e-965d-3718944e78de"}
{"environment":"development","error":"Missing process handler for job type process-video","jobId":"2","level":"error","message":"Video processing job failed","service":"video-face-blur-api","timestamp":"2025-10-01 10:18:56","videoId":"f87d5427-ce45-488e-965d-3718944e78de"}
{"email":"demo@example.com","environment":"development","level":"warn","message":"Database not available, using demo user from token","service":"video-face-blur-api","timestamp":"2025-10-01 10:19:02","userId":1621864416}
{"email":"demo@example.com","environment":"development","level":"warn","message":"Database not available, using demo user from token","service":"video-face-blur-api","timestamp":"2025-10-01 10:19:02","userId":1621864416}
{"environment":"development","level":"info","message":"Demo mode: Simulating video reprocessing","service":"video-face-blur-api","timestamp":"2025-10-01 10:19:02","userId":1621864416,"videoId":"f87d5427-ce45-488e-965d-3718944e78de"}
{"environment":"development","level":"info","message":"::1 - - [01/Oct/2025:04:19:02 +0000] \"POST /api/videos/f87d5427-ce45-488e-965d-3718944e78de/reprocess HTTP/1.1\" 200 267 \"-\" \"Mozilla/5.0 (Windows NT; Windows NT 10.0; en-US) WindowsPowerShell/5.1.21996.1\"","service":"video-face-blur-api","timestamp":"2025-10-01 10:19:02"}
{"environment":"development","level":"warn","message":"Database connection failed, continuing without database: ","service":"video-face-blur-api","timestamp":"2025-10-01 10:30:52"}
{"environment":"development","level":"warn","message":"Some features may not be available","service":"video-face-blur-api","timestamp":"2025-10-01 10:30:52"}
{"environment":"development","level":"info","message":"Server running on port 3000","service":"video-face-blur-api","timestamp":"2025-10-01 10:30:52"}
{"environment":"development","level":"info","message":"Environment: development","service":"video-face-blur-api","timestamp":"2025-10-01 10:30:52"}
{"email":"demo@example.com","environment":"development","error":"","level":"warn","message":"Database not available, checking demo credentials","service":"video-face-blur-api","timestamp":"2025-10-01 10:31:05"}
{"demoUserId":1621864416,"email":"demo@example.com","environment":"development","level":"info","message":"Demo login successful","service":"video-face-blur-api","timestamp":"2025-10-01 10:31:05"}
{"environment":"development","level":"info","message":"::1 - - [01/Oct/2025:04:31:05 +0000] \"POST /api/auth/login HTTP/1.1\" 200 465 \"-\" \"Mozilla/5.0 (Windows NT; Windows NT 10.0; en-US) WindowsPowerShell/5.1.21996.1\"","service":"video-face-blur-api","timestamp":"2025-10-01 10:31:05"}
{"endpoint":"/api/videos/register","environment":"development","hasApiKey":false,"hasAuthHeader":true,"hasToken":true,"level":"info","message":"Authentication attempt","method":"POST","service":"video-face-blur-api","timestamp":"2025-10-01 10:31:05"}
{"email":"demo@example.com","environment":"development","level":"warn","message":"Database not available, using demo user from token","service":"video-face-blur-api","timestamp":"2025-10-01 10:31:05","userId":1621864416}
{"email":"demo@example.com","environment":"development","level":"info","message":"Authentication successful (demo mode)","service":"video-face-blur-api","timestamp":"2025-10-01 10:31:05","userId":1621864416}
{"demoMode":true,"email":"demo@example.com","endpoint":"/api/videos/register","environment":"development","level":"info","message":"Authentication successful","method":"POST","service":"video-face-blur-api","timestamp":"2025-10-01 10:31:05","userId":1621864416}
{"endpoint":"/api/videos/register","environment":"development","hasApiKey":false,"hasAuthHeader":true,"hasToken":true,"level":"info","message":"Authentication attempt","method":"POST","service":"video-face-blur-api","timestamp":"2025-10-01 10:31:05"}
{"email":"demo@example.com","environment":"development","level":"warn","message":"Database not available, using demo user from token","service":"video-face-blur-api","timestamp":"2025-10-01 10:31:05","userId":1621864416}
{"email":"demo@example.com","environment":"development","level":"info","message":"Authentication successful (demo mode)","service":"video-face-blur-api","timestamp":"2025-10-01 10:31:05","userId":1621864416}
{"demoMode":true,"email":"demo@example.com","endpoint":"/api/videos/register","environment":"development","level":"info","message":"Authentication successful","method":"POST","service":"video-face-blur-api","timestamp":"2025-10-01 10:31:05","userId":1621864416}
{"blurIntensity":25,"cloudinaryUrl":"provided","demoMode":true,"environment":"development","filename":"0930-1_04-59-15.mp4","frameNumber":1,"level":"info","message":"Video registration request received","processingMode":"blur","service":"video-face-blur-api","timestamp":"2025-10-01 10:31:05","userId":1621864416}
{"cloudinaryUrl":"https://res.cloudinary.com/demo/video/upload/v1234567890/0930-1_04-59-15.mp4","environment":"development","level":"info","message":"Registering video from Cloudinary URL","service":"video-face-blur-api","timestamp":"2025-10-01 10:31:05","userId":1621864416,"videoId":"53be3ed6-1ba5-4e8f-8498-4956b48a90c3"}
{"environment":"development","error":"","level":"warn","message":"Database not available, creating demo video record","service":"video-face-blur-api","timestamp":"2025-10-01 10:31:05","userId":1621864416,"videoId":"53be3ed6-1ba5-4e8f-8498-4956b48a90c3"}
{"environment":"development","jobId":"3","level":"info","message":"Video processing job added to queue","service":"video-face-blur-api","timestamp":"2025-10-01 10:31:05","videoId":"53be3ed6-1ba5-4e8f-8498-4956b48a90c3"}
{"environment":"development","level":"info","message":"Video processing job queued","service":"video-face-blur-api","timestamp":"2025-10-01 10:31:05","userId":1621864416,"videoId":"53be3ed6-1ba5-4e8f-8498-4956b48a90c3"}
{"environment":"development","level":"info","message":"Video registration completed successfully","service":"video-face-blur-api","timestamp":"2025-10-01 10:31:05","userId":1621864416,"videoId":"53be3ed6-1ba5-4e8f-8498-4956b48a90c3"}
{"environment":"development","level":"info","message":"::1 - - [01/Oct/2025:04:31:05 +0000] \"POST /api/videos/register HTTP/1.1\" 200 361 \"-\" \"Mozilla/5.0 (Windows NT; Windows NT 10.0; en-US) WindowsPowerShell/5.1.21996.1\"","service":"video-face-blur-api","timestamp":"2025-10-01 10:31:05"}
{"environment":"development","error":"Missing process handler for job type process-video","jobId":"3","level":"error","message":"Video processing job failed","service":"video-face-blur-api","timestamp":"2025-10-01 10:31:05","videoId":"53be3ed6-1ba5-4e8f-8498-4956b48a90c3"}
{"environment":"development","error":"Missing process handler for job type process-video","jobId":"3","level":"error","message":"Video processing job failed","service":"video-face-blur-api","timestamp":"2025-10-01 10:31:07","videoId":"53be3ed6-1ba5-4e8f-8498-4956b48a90c3"}
{"environment":"development","error":"Missing process handler for job type process-video","jobId":"3","level":"error","message":"Video processing job failed","service":"video-face-blur-api","timestamp":"2025-10-01 10:31:13","videoId":"53be3ed6-1ba5-4e8f-8498-4956b48a90c3"}
{"email":"demo@example.com","environment":"development","error":"","level":"warn","message":"Database not available, checking demo credentials","service":"video-face-blur-api","timestamp":"2025-10-01 10:32:35"}
{"demoUserId":1621864416,"email":"demo@example.com","environment":"development","level":"info","message":"Demo login successful","service":"video-face-blur-api","timestamp":"2025-10-01 10:32:35"}
{"environment":"development","level":"info","message":"::1 - - [01/Oct/2025:04:32:35 +0000] \"POST /api/auth/login HTTP/1.1\" 200 465 \"-\" \"Mozilla/5.0 (Windows NT; Windows NT 10.0; en-US) WindowsPowerShell/5.1.21996.1\"","service":"video-face-blur-api","timestamp":"2025-10-01 10:32:35"}
{"endpoint":"/api/videos/register","environment":"development","hasApiKey":false,"hasAuthHeader":true,"hasToken":true,"level":"info","message":"Authentication attempt","method":"POST","service":"video-face-blur-api","timestamp":"2025-10-01 10:32:35"}
{"email":"demo@example.com","environment":"development","level":"warn","message":"Database not available, using demo user from token","service":"video-face-blur-api","timestamp":"2025-10-01 10:32:35","userId":1621864416}
{"email":"demo@example.com","environment":"development","level":"info","message":"Authentication successful (demo mode)","service":"video-face-blur-api","timestamp":"2025-10-01 10:32:35","userId":1621864416}
{"demoMode":true,"email":"demo@example.com","endpoint":"/api/videos/register","environment":"development","level":"info","message":"Authentication successful","method":"POST","service":"video-face-blur-api","timestamp":"2025-10-01 10:32:35","userId":1621864416}
{"endpoint":"/api/videos/register","environment":"development","hasApiKey":false,"hasAuthHeader":true,"hasToken":true,"level":"info","message":"Authentication attempt","method":"POST","service":"video-face-blur-api","timestamp":"2025-10-01 10:32:35"}
{"email":"demo@example.com","environment":"development","level":"warn","message":"Database not available, using demo user from token","service":"video-face-blur-api","timestamp":"2025-10-01 10:32:35","userId":1621864416}
{"email":"demo@example.com","environment":"development","level":"info","message":"Authentication successful (demo mode)","service":"video-face-blur-api","timestamp":"2025-10-01 10:32:35","userId":1621864416}
{"demoMode":true,"email":"demo@example.com","endpoint":"/api/videos/register","environment":"development","level":"info","message":"Authentication successful","method":"POST","service":"video-face-blur-api","timestamp":"2025-10-01 10:32:35","userId":1621864416}
{"blurIntensity":30,"cloudinaryUrl":"provided","demoMode":true,"environment":"development","filename":"test-video.mp4","frameNumber":1,"level":"info","message":"Video registration request received","processingMode":"blur","service":"video-face-blur-api","timestamp":"2025-10-01 10:32:35","userId":1621864416}
{"cloudinaryUrl":"https://res.cloudinary.com/demo/video/upload/v1234567890/test-video.mp4","environment":"development","level":"info","message":"Registering video from Cloudinary URL","service":"video-face-blur-api","timestamp":"2025-10-01 10:32:35","userId":1621864416,"videoId":"0d325b04-f53d-4928-8290-17ad8c8fbf2d"}
{"environment":"development","error":"","level":"warn","message":"Database not available, creating demo video record","service":"video-face-blur-api","timestamp":"2025-10-01 10:32:35","userId":1621864416,"videoId":"0d325b04-f53d-4928-8290-17ad8c8fbf2d"}
{"environment":"development","jobId":"4","level":"info","message":"Video processing job added to queue","service":"video-face-blur-api","timestamp":"2025-10-01 10:32:35","videoId":"0d325b04-f53d-4928-8290-17ad8c8fbf2d"}
{"environment":"development","level":"info","message":"Video processing job queued","service":"video-face-blur-api","timestamp":"2025-10-01 10:32:35","userId":1621864416,"videoId":"0d325b04-f53d-4928-8290-17ad8c8fbf2d"}
{"environment":"development","level":"info","message":"Video registration completed successfully","service":"video-face-blur-api","timestamp":"2025-10-01 10:32:35","userId":1621864416,"videoId":"0d325b04-f53d-4928-8290-17ad8c8fbf2d"}
{"environment":"development","level":"info","message":"::1 - - [01/Oct/2025:04:32:35 +0000] \"POST /api/videos/register HTTP/1.1\" 200 356 \"-\" \"Mozilla/5.0 (Windows NT; Windows NT 10.0; en-US) WindowsPowerShell/5.1.21996.1\"","service":"video-face-blur-api","timestamp":"2025-10-01 10:32:35"}
{"environment":"development","error":"Missing process handler for job type process-video","jobId":"4","level":"error","message":"Video processing job failed","service":"video-face-blur-api","timestamp":"2025-10-01 10:32:35","videoId":"0d325b04-f53d-4928-8290-17ad8c8fbf2d"}
{"endpoint":"/api/videos/0d325b04-f53d-4928-8290-17ad8c8fbf2d","environment":"development","hasApiKey":false,"hasAuthHeader":true,"hasToken":true,"level":"info","message":"Authentication attempt","method":"GET","service":"video-face-blur-api","timestamp":"2025-10-01 10:32:36"}
{"email":"demo@example.com","environment":"development","level":"warn","message":"Database not available, using demo user from token","service":"video-face-blur-api","timestamp":"2025-10-01 10:32:36","userId":1621864416}
{"email":"demo@example.com","environment":"development","level":"info","message":"Authentication successful (demo mode)","service":"video-face-blur-api","timestamp":"2025-10-01 10:32:36","userId":1621864416}
{"demoMode":true,"email":"demo@example.com","endpoint":"/api/videos/0d325b04-f53d-4928-8290-17ad8c8fbf2d","environment":"development","level":"info","message":"Authentication successful","method":"GET","service":"video-face-blur-api","timestamp":"2025-10-01 10:32:36","userId":1621864416}
{"endpoint":"/api/videos/0d325b04-f53d-4928-8290-17ad8c8fbf2d","environment":"development","hasApiKey":false,"hasAuthHeader":true,"hasToken":true,"level":"info","message":"Authentication attempt","method":"GET","service":"video-face-blur-api","timestamp":"2025-10-01 10:32:36"}
{"email":"demo@example.com","environment":"development","level":"warn","message":"Database not available, using demo user from token","service":"video-face-blur-api","timestamp":"2025-10-01 10:32:36","userId":1621864416}
{"email":"demo@example.com","environment":"development","level":"info","message":"Authentication successful (demo mode)","service":"video-face-blur-api","timestamp":"2025-10-01 10:32:36","userId":1621864416}
{"demoMode":true,"email":"demo@example.com","endpoint":"/api/videos/0d325b04-f53d-4928-8290-17ad8c8fbf2d","environment":"development","level":"info","message":"Authentication successful","method":"GET","service":"video-face-blur-api","timestamp":"2025-10-01 10:32:36","userId":1621864416}
{"environment":"development","level":"info","message":"Demo mode: Returning demo video status","service":"video-face-blur-api","timestamp":"2025-10-01 10:32:36","userId":1621864416,"videoId":"0d325b04-f53d-4928-8290-17ad8c8fbf2d"}
{"environment":"development","level":"info","message":"::1 - - [01/Oct/2025:04:32:36 +0000] \"GET /api/videos/0d325b04-f53d-4928-8290-17ad8c8fbf2d HTTP/1.1\" 200 607 \"-\" \"Mozilla/5.0 (Windows NT; Windows NT 10.0; en-US) WindowsPowerShell/5.1.21996.1\"","service":"video-face-blur-api","timestamp":"2025-10-01 10:32:36"}
{"environment":"development","error":"Missing process handler for job type process-video","jobId":"4","level":"error","message":"Video processing job failed","service":"video-face-blur-api","timestamp":"2025-10-01 10:32:37","videoId":"0d325b04-f53d-4928-8290-17ad8c8fbf2d"}
{"environment":"development","error":"Missing process handler for job type process-video","jobId":"4","level":"error","message":"Video processing job failed","service":"video-face-blur-api","timestamp":"2025-10-01 10:32:43","videoId":"0d325b04-f53d-4928-8290-17ad8c8fbf2d"}
{"environment":"development","level":"warn","message":"Database connection failed, continuing without database: ","service":"video-face-blur-api","timestamp":"2025-10-01 10:34:10"}
{"environment":"development","level":"warn","message":"Some features may not be available","service":"video-face-blur-api","timestamp":"2025-10-01 10:34:10"}
{"environment":"development","level":"info","message":"Server running on port 3000","service":"video-face-blur-api","timestamp":"2025-10-01 10:34:10"}
{"environment":"development","level":"info","message":"Environment: development","service":"video-face-blur-api","timestamp":"2025-10-01 10:34:10"}
{"environment":"development","level":"info","message":"SIGINT received, shutting down gracefully","service":"video-face-blur-api","timestamp":"2025-10-01 10:34:24"}
{"environment":"development","level":"warn","message":"Database connection failed, continuing without database: ","service":"video-face-blur-api","timestamp":"2025-10-01 10:35:44"}
{"environment":"development","level":"warn","message":"Some features may not be available","service":"video-face-blur-api","timestamp":"2025-10-01 10:35:44"}
{"environment":"development","level":"info","message":"Server running on port 3000","service":"video-face-blur-api","timestamp":"2025-10-01 10:35:44"}
{"environment":"development","level":"info","message":"Environment: development","service":"video-face-blur-api","timestamp":"2025-10-01 10:35:44"}
{"environment":"development","level":"info","message":"SIGINT received, shutting down gracefully","service":"video-face-blur-api","timestamp":"2025-10-01 10:35:57"}
{"environment":"development","level":"warn","message":"Database connection failed, continuing without database: ","service":"video-face-blur-api","timestamp":"2025-10-01 10:36:17"}
{"environment":"development","level":"warn","message":"Some features may not be available","service":"video-face-blur-api","timestamp":"2025-10-01 10:36:17"}
{"environment":"development","level":"info","message":"Server running on port 3000","service":"video-face-blur-api","timestamp":"2025-10-01 10:36:17"}
{"environment":"development","level":"info","message":"Environment: development","service":"video-face-blur-api","timestamp":"2025-10-01 10:36:17"}
{"environment":"development","level":"info","message":"SIGINT received, shutting down gracefully","service":"video-face-blur-api","timestamp":"2025-10-01 10:36:32"}
{"environment":"development","level":"warn","message":"Database connection failed, continuing without database: ","service":"video-face-blur-api","timestamp":"2025-10-01 11:04:22"}
{"environment":"development","level":"warn","message":"Some features may not be available","service":"video-face-blur-api","timestamp":"2025-10-01 11:04:22"}
{"environment":"development","level":"info","message":"Server running on port 3000","service":"video-face-blur-api","timestamp":"2025-10-01 11:04:22"}
{"environment":"development","level":"info","message":"Environment: development","service":"video-face-blur-api","timestamp":"2025-10-01 11:04:22"}
{"email":"demo@example.com","environment":"development","error":"","level":"warn","message":"Database not available, checking demo credentials","service":"video-face-blur-api","timestamp":"2025-10-01 11:04:37"}
{"demoUserId":1621864416,"email":"demo@example.com","environment":"development","level":"info","message":"Demo login successful","service":"video-face-blur-api","timestamp":"2025-10-01 11:04:37"}
{"environment":"development","level":"info","message":"::1 - - [01/Oct/2025:05:04:37 +0000] \"POST /api/auth/login HTTP/1.1\" 200 465 \"-\" \"Mozilla/5.0 (Windows NT; Windows NT 10.0; en-US) WindowsPowerShell/5.1.21996.1\"","service":"video-face-blur-api","timestamp":"2025-10-01 11:04:37"}
{"email":"demo@example.com","environment":"development","error":"","level":"warn","message":"Database not available, checking demo credentials","service":"video-face-blur-api","timestamp":"2025-10-01 11:04:51"}
{"demoUserId":1621864416,"email":"demo@example.com","environment":"development","level":"info","message":"Demo login successful","service":"video-face-blur-api","timestamp":"2025-10-01 11:04:51"}
{"environment":"development","level":"info","message":"::1 - - [01/Oct/2025:05:04:51 +0000] \"POST /api/auth/login HTTP/1.1\" 200 465 \"-\" \"Mozilla/5.0 (Windows NT; Windows NT 10.0; en-US) WindowsPowerShell/5.1.21996.1\"","service":"video-face-blur-api","timestamp":"2025-10-01 11:04:51"}
{"endpoint":"/api/videos/register","environment":"development","hasApiKey":false,"hasAuthHeader":true,"hasToken":true,"level":"info","message":"Authentication attempt","method":"POST","service":"video-face-blur-api","timestamp":"2025-10-01 11:04:52"}
{"email":"demo@example.com","environment":"development","level":"warn","message":"Database not available, using demo user from token","service":"video-face-blur-api","timestamp":"2025-10-01 11:04:52","userId":1621864416}
{"email":"demo@example.com","environment":"development","level":"info","message":"Authentication successful (demo mode)","service":"video-face-blur-api","timestamp":"2025-10-01 11:04:52","userId":1621864416}
{"demoMode":true,"email":"demo@example.com","endpoint":"/api/videos/register","environment":"development","level":"info","message":"Authentication successful","method":"POST","service":"video-face-blur-api","timestamp":"2025-10-01 11:04:52","userId":1621864416}
{"endpoint":"/api/videos/register","environment":"development","hasApiKey":false,"hasAuthHeader":true,"hasToken":true,"level":"info","message":"Authentication attempt","method":"POST","service":"video-face-blur-api","timestamp":"2025-10-01 11:04:52"}
{"email":"demo@example.com","environment":"development","level":"warn","message":"Database not available, using demo user from token","service":"video-face-blur-api","timestamp":"2025-10-01 11:04:52","userId":1621864416}
{"email":"demo@example.com","environment":"development","level":"info","message":"Authentication successful (demo mode)","service":"video-face-blur-api","timestamp":"2025-10-01 11:04:52","userId":1621864416}
{"demoMode":true,"email":"demo@example.com","endpoint":"/api/videos/register","environment":"development","level":"info","message":"Authentication successful","method":"POST","service":"video-face-blur-api","timestamp":"2025-10-01 11:04:52","userId":1621864416}
{"blurIntensity":25,"cloudinaryUrl":"provided","demoMode":true,"environment":"development","filename":"test-video.mp4","level":"info","message":"Video registration request received","service":"video-face-blur-api","timestamp":"2025-10-01 11:04:52","userId":1621864416}
{"cloudinaryUrl":"https://example.com/video.mp4","environment":"development","level":"warn","message":"Video registration failed: invalid Cloudinary URL format","service":"video-face-blur-api","timestamp":"2025-10-01 11:04:52","userId":1621864416}
{"environment":"development","level":"info","message":"::1 - - [01/Oct/2025:05:04:52 +0000] \"POST /api/videos/register HTTP/1.1\" 400 41 \"-\" \"Mozilla/5.0 (Windows NT; Windows NT 10.0; en-US) WindowsPowerShell/5.1.21996.1\"","service":"video-face-blur-api","timestamp":"2025-10-01 11:04:52"}
{"endpoint":"/api/videos/register","environment":"development","hasApiKey":false,"hasAuthHeader":true,"hasToken":true,"level":"info","message":"Authentication attempt","method":"POST","service":"video-face-blur-api","timestamp":"2025-10-01 11:05:06"}
{"email":"demo@example.com","environment":"development","level":"warn","message":"Database not available, using demo user from token","service":"video-face-blur-api","timestamp":"2025-10-01 11:05:06","userId":1621864416}
{"email":"demo@example.com","environment":"development","level":"info","message":"Authentication successful (demo mode)","service":"video-face-blur-api","timestamp":"2025-10-01 11:05:06","userId":1621864416}
{"demoMode":true,"email":"demo@example.com","endpoint":"/api/videos/register","environment":"development","level":"info","message":"Authentication successful","method":"POST","service":"video-face-blur-api","timestamp":"2025-10-01 11:05:06","userId":1621864416}
{"endpoint":"/api/videos/register","environment":"development","hasApiKey":false,"hasAuthHeader":true,"hasToken":true,"level":"info","message":"Authentication attempt","method":"POST","service":"video-face-blur-api","timestamp":"2025-10-01 11:05:06"}
{"email":"demo@example.com","environment":"development","level":"warn","message":"Database not available, using demo user from token","service":"video-face-blur-api","timestamp":"2025-10-01 11:05:06","userId":1621864416}
{"email":"demo@example.com","environment":"development","level":"info","message":"Authentication successful (demo mode)","service":"video-face-blur-api","timestamp":"2025-10-01 11:05:06","userId":1621864416}
{"demoMode":true,"email":"demo@example.com","endpoint":"/api/videos/register","environment":"development","level":"info","message":"Authentication successful","method":"POST","service":"video-face-blur-api","timestamp":"2025-10-01 11:05:06","userId":1621864416}
{"blurIntensity":25,"cloudinaryUrl":"provided","demoMode":true,"environment":"development","filename":"test-video.mp4","level":"info","message":"Video registration request received","service":"video-face-blur-api","timestamp":"2025-10-01 11:05:06","userId":1621864416}
{"cloudinaryUrl":"https://res.cloudinary.com/dzfd6igiw/video/upload/v1234567890/sample-video.mp4","environment":"development","level":"info","message":"Registering video from Cloudinary URL","service":"video-face-blur-api","timestamp":"2025-10-01 11:05:06","userId":1621864416,"videoId":"952c6440-fd76-40af-971a-e38491aed7cc"}
{"environment":"development","error":"","level":"warn","message":"Database not available, creating demo video record","service":"video-face-blur-api","timestamp":"2025-10-01 11:05:06","userId":1621864416,"videoId":"952c6440-fd76-40af-971a-e38491aed7cc"}
{"environment":"development","jobId":"5","level":"info","message":"Video processing job added to queue","service":"video-face-blur-api","timestamp":"2025-10-01 11:05:06","videoId":"952c6440-fd76-40af-971a-e38491aed7cc"}
{"environment":"development","level":"info","message":"Video processing job queued","service":"video-face-blur-api","timestamp":"2025-10-01 11:05:06","userId":1621864416,"videoId":"952c6440-fd76-40af-971a-e38491aed7cc"}
{"environment":"development","level":"info","message":"Video registration completed successfully","service":"video-face-blur-api","timestamp":"2025-10-01 11:05:06","userId":1621864416,"videoId":"952c6440-fd76-40af-971a-e38491aed7cc"}
{"environment":"development","level":"info","message":"::1 - - [01/Oct/2025:05:05:06 +0000] \"POST /api/videos/register HTTP/1.1\" 200 356 \"-\" \"Mozilla/5.0 (Windows NT; Windows NT 10.0; en-US) WindowsPowerShell/5.1.21996.1\"","service":"video-face-blur-api","timestamp":"2025-10-01 11:05:06"}
{"environment":"development","error":"Missing process handler for job type process-video","jobId":"5","level":"error","message":"Video processing job failed","service":"video-face-blur-api","timestamp":"2025-10-01 11:05:06","videoId":"952c6440-fd76-40af-971a-e38491aed7cc"}
{"environment":"development","error":"Missing process handler for job type process-video","jobId":"5","level":"error","message":"Video processing job failed","service":"video-face-blur-api","timestamp":"2025-10-01 11:05:08","videoId":"952c6440-fd76-40af-971a-e38491aed7cc"}
{"environment":"development","error":"Missing process handler for job type process-video","jobId":"5","level":"error","message":"Video processing job failed","service":"video-face-blur-api","timestamp":"2025-10-01 11:05:14","videoId":"952c6440-fd76-40af-971a-e38491aed7cc"}
